<?xml version="1.0" encoding="UTF-8"?>
<testng-results skipped="0" failed="0" total="2" passed="2">
  <reporter-output>
  </reporter-output>
  <suite name="Muthanjay.FirstTest" duration-ms="7230" started-at="2020-05-20T01:16:25Z" finished-at="2020-05-20T01:16:32Z">
    <groups>
    </groups>
    <test name="Command line test" duration-ms="7230" started-at="2020-05-20T01:16:25Z" finished-at="2020-05-20T01:16:32Z">
      <class name="Muthanjay.FirstTest">
        <test-method status="PASS" signature="beforeTest()[pri:0, instance:Muthanjay.FirstTest@6be46e8f]" name="beforeTest" is-config="true" duration-ms="557" started-at="2020-05-19T18:16:25Z" finished-at="2020-05-19T18:16:26Z">
          <reporter-output>
          </reporter-output>
        </test-method> <!-- beforeTest -->
        <test-method status="PASS" signature="myfirstTestcase()[pri:0, instance:Muthanjay.FirstTest@6be46e8f]" name="myfirstTestcase" duration-ms="6250" started-at="2020-05-19T18:16:26Z" finished-at="2020-05-19T18:16:32Z">
          <reporter-output>
          </reporter-output>
        </test-method> <!-- myfirstTestcase -->
        <test-method status="PASS" signature="mysecondTestcase()[pri:0, instance:Muthanjay.FirstTest@6be46e8f]" name="mysecondTestcase" duration-ms="1" started-at="2020-05-19T18:16:32Z" finished-at="2020-05-19T18:16:32Z">
          <reporter-output>
          </reporter-output>
        </test-method> <!-- mysecondTestcase -->
        <test-method status="PASS" signature="afterTest()[pri:0, instance:Muthanjay.FirstTest@6be46e8f]" name="afterTest" is-config="true" duration-ms="409" started-at="2020-05-19T18:16:32Z" finished-at="2020-05-19T18:16:32Z">
          <reporter-output>
          </reporter-output>
        </test-method> <!-- afterTest -->
      </class> <!-- Muthanjay.FirstTest -->
    </test> <!-- Command line test -->
  </suite> <!-- Muthanjay.FirstTest -->
</testng-results>
