<?xml version="1.0" encoding="UTF-8"?>
<testng-results total="2" passed="2" failed="0" skipped="0">
  <reporter-output>
  </reporter-output>
  <suite started-at="2020-05-20T01:14:21Z" name="Default suite" finished-at="2020-05-20T01:14:29Z" duration-ms="8664">
    <groups>
    </groups>
    <test started-at="2020-05-20T01:14:21Z" name="Default test" finished-at="2020-05-20T01:14:29Z" duration-ms="8664">
      <class name="Muthanjay.FirstTest">
        <test-method is-config="true" signature="beforeTest()[pri:0, instance:Muthanjay.FirstTest@3f56875e]" started-at="2020-05-19T18:14:21Z" name="beforeTest" finished-at="2020-05-19T18:14:21Z" duration-ms="411" status="PASS">
          <reporter-output>
          </reporter-output>
        </test-method> <!-- beforeTest -->
        <test-method signature="myfirstTestcase()[pri:0, instance:Muthanjay.FirstTest@3f56875e]" started-at="2020-05-19T18:14:21Z" name="myfirstTestcase" finished-at="2020-05-19T18:14:29Z" duration-ms="7571" status="PASS">
          <reporter-output>
          </reporter-output>
        </test-method> <!-- myfirstTestcase -->
        <test-method signature="mysecondTestcase()[pri:0, instance:Muthanjay.FirstTest@3f56875e]" started-at="2020-05-19T18:14:29Z" name="mysecondTestcase" finished-at="2020-05-19T18:14:29Z" duration-ms="9" status="PASS">
          <reporter-output>
          </reporter-output>
        </test-method> <!-- mysecondTestcase -->
        <test-method is-config="true" signature="afterTest()[pri:0, instance:Muthanjay.FirstTest@3f56875e]" started-at="2020-05-19T18:14:29Z" name="afterTest" finished-at="2020-05-19T18:14:29Z" duration-ms="644" status="PASS">
          <reporter-output>
          </reporter-output>
        </test-method> <!-- afterTest -->
      </class> <!-- Muthanjay.FirstTest -->
    </test> <!-- Default test -->
  </suite> <!-- Default suite -->
</testng-results>
